<?xml version="1.0" encoding="UTF-8"?>
<!-- Generated by org.testng.reporters.JUnitXMLReporter -->
<testsuite hostname="SPT-CPU-0299" name="Default test(failed)" tests="1" failures="1" timestamp="14 Sep 2015 11:26:39 GMT" time="19.962" errors="0">
  <testcase name="ProceedWithTesting" time="16.796" classname="SmokeTesting.SmokeTesting">
    <failure type="org.openqa.selenium.InvalidElementStateException" message="invalid element state: Failed to execute &amp;apos;querySelector&amp;apos; on &amp;apos;Document&amp;apos;: &amp;apos;.//table/tbody/tr[5]/td/a&amp;apos; is not a valid selector.
  (Session info: chrome=45.0.2454.85)
  (Driver info: chromedriver=2.10.267521,platform=Windows NT 6.1 SP1 x86_64) (WARNING: The server did not provide any stacktrace information)
Command duration or timeout: 220 milliseconds
Build info: version: &amp;apos;2.42.2&amp;apos;, revision: &amp;apos;6a6995d&amp;apos;, time: &amp;apos;2014-06-03 17:42:03&amp;apos;
System info: host: &amp;apos;SPT-CPU-0299&amp;apos;, ip: &amp;apos;192.168.114.110&amp;apos;, os.name: &amp;apos;Windows 7&amp;apos;, os.arch: &amp;apos;amd64&amp;apos;, os.version: &amp;apos;6.1&amp;apos;, java.version: &amp;apos;1.8.0_60&amp;apos;
Driver info: org.openqa.selenium.chrome.ChromeDriver
Capabilities [{applicationCacheEnabled=false, rotatable=false, chrome={userDataDir=C:\Users\amolik.s\AppData\Local\Temp\scoped_dir5404_31062}, takesHeapSnapshot=true, databaseEnabled=false, handlesAlerts=true, version=45.0.2454.85, platform=XP, browserConnectionEnabled=false, nativeEvents=true, acceptSslCerts=true, locationContextEnabled=true, webStorageEnabled=true, browserName=chrome, takesScreenshot=true, javascriptEnabled=true, cssSelectorsEnabled=true}]
Session ID: 4e67464684393833b59177277d6f73d2">
      <![CDATA[org.openqa.selenium.InvalidElementStateException: invalid element state: Failed to execute 'querySelector' on 'Document': './/table/tbody/tr[5]/td/a' is not a valid selector.
  (Session info: chrome=45.0.2454.85)
  (Driver info: chromedriver=2.10.267521,platform=Windows NT 6.1 SP1 x86_64) (WARNING: The server did not provide any stacktrace information)
Command duration or timeout: 220 milliseconds
Build info: version: '2.42.2', revision: '6a6995d', time: '2014-06-03 17:42:03'
System info: host: 'SPT-CPU-0299', ip: '192.168.114.110', os.name: 'Windows 7', os.arch: 'amd64', os.version: '6.1', java.version: '1.8.0_60'
Driver info: org.openqa.selenium.chrome.ChromeDriver
Capabilities [{applicationCacheEnabled=false, rotatable=false, chrome={userDataDir=C:\Users\amolik.s\AppData\Local\Temp\scoped_dir5404_31062}, takesHeapSnapshot=true, databaseEnabled=false, handlesAlerts=true, version=45.0.2454.85, platform=XP, browserConnectionEnabled=false, nativeEvents=true, acceptSslCerts=true, locationContextEnabled=true, webStorageEnabled=true, browserName=chrome, takesScreenshot=true, javascriptEnabled=true, cssSelectorsEnabled=true}]
Session ID: 4e67464684393833b59177277d6f73d2
	at org.openqa.selenium.remote.ErrorHandler.createThrowable(ErrorHandler.java:204)
	at org.openqa.selenium.remote.ErrorHandler.throwIfResponseFailed(ErrorHandler.java:156)
	at org.openqa.selenium.remote.RemoteWebDriver.execute(RemoteWebDriver.java:599)
	at org.openqa.selenium.remote.RemoteWebDriver.findElement(RemoteWebDriver.java:352)
	at org.openqa.selenium.remote.RemoteWebDriver.findElementByClassName(RemoteWebDriver.java:433)
	at org.openqa.selenium.By$ByClassName.findElement(By.java:387)
	at org.openqa.selenium.remote.RemoteWebDriver.findElement(RemoteWebDriver.java:344)
	at GenericFunctions.GenericCode.ControlToUse(GenericCode.java:617)
	at SmokeTesting.SmokeTesting.ProceedWithTesting(SmokeTesting.java:291)
... Removed 28 stack frames]]>
    </failure>
  </testcase> <!-- ProceedWithTesting -->
</testsuite> <!-- Default test(failed) -->
